# JRE version: OpenJDK Runtime Environment Temurin-17.0.3+7 (17.0.3+7) (build 17.0.3+7)
# Java VM: OpenJDK 64-Bit Server VM Temurin-17.0.3+7 (17.0.3+7, mixed mode, emulated-client, tiered, compressed oops, compressed class ptrs, g1 gc, windows-amd64)
GC Precious Log:
 CPUs: 8 total, 8 available
 Memory: 8026M
 Large Page Support: Disabled
 NUMA Support: Disabled
 Compressed Oops: Enabled (32-bit)
 Heap Region Size: 1M
 Heap Min Capacity: 8M
 Heap Initial Capacity: 126M
 Heap Max Capacity: 2008M
 Pre-touch: Disabled
 Parallel Workers: 8
 Concurrent Workers: 2
 Concurrent Refinement Workers: 8
 Periodic GC: Disabled
Heap:
 garbage-first heap   total 131072K, used 68400K [0x0000000082800000, 0x0000000100000000)
  region size 1024K, 5 young (5120K), 5 survivors (5120K)
 Metaspace       used 35267K, committed 35584K, reserved 1081344K
  class space    used 4603K, committed 4736K, reserved 1048576K
GC Heap History (20 events):
Event: 10.189 GC heap after
{Heap after GC invocations=9 (full 0):
 garbage-first heap   total 40960K, used 20200K [0x0000000082800000, 0x0000000100000000)
  region size 1024K, 2 young (2048K), 2 survivors (2048K)
 Metaspace       used 31747K, committed 32000K, reserved 1081344K
  class space    used 4001K, committed 4096K, reserved 1048576K
}
Event: 10.232 GC heap before
{Heap before GC invocations=9 (full 0):
 garbage-first heap   total 40960K, used 29416K [0x0000000082800000, 0x0000000100000000)
  region size 1024K, 12 young (12288K), 2 survivors (2048K)
 Metaspace       used 31795K, committed 32064K, reserved 1081344K
  class space    used 4004K, committed 4096K, reserved 1048576K
}
Event: 10.239 GC heap after
{Heap after GC invocations=10 (full 0):
 garbage-first heap   total 65536K, used 22225K [0x0000000082800000, 0x0000000100000000)
  region size 1024K, 2 young (2048K), 2 survivors (2048K)
 Metaspace       used 31795K, committed 32064K, reserved 1081344K
  class space    used 4004K, committed 4096K, reserved 1048576K
}
Event: 10.334 GC heap before
{Heap before GC invocations=10 (full 0):
 garbage-first heap   total 65536K, used 44753K [0x0000000082800000, 0x0000000100000000)
  region size 1024K, 25 young (25600K), 2 survivors (2048K)
 Metaspace       used 32393K, committed 32704K, reserved 1081344K
  class space    used 4098K, committed 4224K, reserved 1048576K
}
Event: 10.340 GC heap after
{Heap after GC invocations=11 (full 0):
 garbage-first heap   total 65536K, used 26619K [0x0000000082800000, 0x0000000100000000)
  region size 1024K, 4 young (4096K), 4 survivors (4096K)
 Metaspace       used 32393K, committed 32704K, reserved 1081344K
  class space    used 4098K, committed 4224K, reserved 1048576K
}
Event: 10.387 GC heap before
{Heap before GC invocations=11 (full 0):
 garbage-first heap   total 65536K, used 46075K [0x0000000082800000, 0x0000000100000000)
  region size 1024K, 24 young (24576K), 4 survivors (4096K)
 Metaspace       used 32799K, committed 33152K, reserved 1081344K
  class space    used 4161K, committed 4352K, reserved 1048576K
}
Event: 10.392 GC heap after
{Heap after GC invocations=12 (full 0):
 garbage-first heap   total 65536K, used 30011K [0x0000000082800000, 0x0000000100000000)
  region size 1024K, 3 young (3072K), 3 survivors (3072K)
 Metaspace       used 32799K, committed 33152K, reserved 1081344K
  class space    used 4161K, committed 4352K, reserved 1048576K
}
Event: 10.427 GC heap before
{Heap before GC invocations=12 (full 0):
 garbage-first heap   total 65536K, used 48443K [0x0000000082800000, 0x0000000100000000)
  region size 1024K, 21 young (21504K), 3 survivors (3072K)
 Metaspace       used 33062K, committed 33408K, reserved 1081344K
  class space    used 4193K, committed 4352K, reserved 1048576K
}
Event: 10.431 GC heap after
{Heap after GC invocations=13 (full 0):
 garbage-first heap   total 65536K, used 34334K [0x0000000082800000, 0x0000000100000000)
  region size 1024K, 3 young (3072K), 3 survivors (3072K)
 Metaspace       used 33062K, committed 33408K, reserved 1081344K
  class space    used 4193K, committed 4352K, reserved 1048576K
}
Event: 10.464 GC heap before
{Heap before GC invocations=13 (full 0):
 garbage-first heap   total 65536K, used 49694K [0x0000000082800000, 0x0000000100000000)
  region size 1024K, 18 young (18432K), 3 survivors (3072K)
 Metaspace       used 33203K, committed 33536K, reserved 1081344K
  class space    used 4217K, committed 4352K, reserved 1048576K
}
Event: 10.469 GC heap after
{Heap after GC invocations=14 (full 0):
 garbage-first heap   total 131072K, used 39688K [0x0000000082800000, 0x0000000100000000)
  region size 1024K, 3 young (3072K), 3 survivors (3072K)
 Metaspace       used 33203K, committed 33536K, reserved 1081344K
  class space    used 4217K, committed 4352K, reserved 1048576K
}
Event: 10.834 GC heap before
{Heap before GC invocations=15 (full 0):
 garbage-first heap   total 131072K, used 85768K [0x0000000082800000, 0x0000000100000000)
  region size 1024K, 48 young (49152K), 3 survivors (3072K)
 Metaspace       used 34872K, committed 35200K, reserved 1081344K
  class space    used 4539K, committed 4672K, reserved 1048576K
}
Event: 10.843 GC heap after
{Heap after GC invocations=16 (full 0):
 garbage-first heap   total 131072K, used 49844K [0x0000000082800000, 0x0000000100000000)
  region size 1024K, 6 young (6144K), 6 survivors (6144K)
 Metaspace       used 34872K, committed 35200K, reserved 1081344K
  class space    used 4539K, committed 4672K, reserved 1048576K
}
Event: 10.944 GC heap before
{Heap before GC invocations=16 (full 0):
 garbage-first heap   total 131072K, used 88756K [0x0000000082800000, 0x0000000100000000)
  region size 1024K, 44 young (45056K), 6 survivors (6144K)
 Metaspace       used 35225K, committed 35520K, reserved 1081344K
  class space    used 4593K, committed 4736K, reserved 1048576K
}
Event: 10.966 GC heap after
{Heap after GC invocations=17 (full 0):
 garbage-first heap   total 131072K, used 63139K [0x0000000082800000, 0x0000000100000000)
  region size 1024K, 6 young (6144K), 6 survivors (6144K)
 Metaspace       used 35225K, committed 35520K, reserved 1081344K
  class space    used 4593K, committed 4736K, reserved 1048576K
}
Event: 10.981 GC heap before
{Heap before GC invocations=17 (full 0):
 garbage-first heap   total 131072K, used 91811K [0x0000000082800000, 0x0000000100000000)
  region size 1024K, 35 young (35840K), 6 survivors (6144K)
 Metaspace       used 35234K, committed 35520K, reserved 1081344K
  class space    used 4593K, committed 4736K, reserved 1048576K
}
Event: 10.985 GC heap after
{Heap after GC invocations=18 (full 0):
 garbage-first heap   total 131072K, used 66163K [0x0000000082800000, 0x0000000100000000)
  region size 1024K, 2 young (2048K), 2 survivors (2048K)
 Metaspace       used 35234K, committed 35520K, reserved 1081344K
  class space    used 4593K, committed 4736K, reserved 1048576K
}
Event: 10.998 GC heap before
{Heap before GC invocations=18 (full 0):
 garbage-first heap   total 131072K, used 96883K [0x0000000082800000, 0x0000000100000000)
  region size 1024K, 33 young (33792K), 2 survivors (2048K)
 Metaspace       used 35260K, committed 35584K, reserved 1081344K
  class space    used 4602K, committed 4736K, reserved 1048576K
}
Event: 10.999 GC heap after
{Heap after GC invocations=19 (full 0):
 garbage-first heap   total 131072K, used 66913K [0x0000000082800000, 0x0000000100000000)
  region size 1024K, 3 young (3072K), 3 survivors (3072K)
 Metaspace       used 35260K, committed 35584K, reserved 1081344K
  class space    used 4602K, committed 4736K, reserved 1048576K
}
Event: 11.010 GC heap before
{Heap before GC invocations=19 (full 0):
 garbage-first heap   total 131072K, used 99681K [0x0000000082800000, 0x0000000100000000)
  region size 1024K, 36 young (36864K), 3 survivors (3072K)
 Metaspace       used 35267K, committed 35584K, reserved 1081344K
  class space    used 4603K, committed 4736K, reserved 1048576K
}

