# JRE version: OpenJDK Runtime Environment Temurin-17.0.3+7 (17.0.3+7) (build 17.0.3+7)
# Java VM: OpenJDK 64-Bit Server VM Temurin-17.0.3+7 (17.0.3+7, mixed mode, emulated-client, tiered, compressed oops, compressed class ptrs, g1 gc, windows-amd64)
GC Precious Log:
 CPUs: 8 total, 8 available
 Memory: 8026M
 Large Page Support: Disabled
 NUMA Support: Disabled
 Compressed Oops: Enabled (32-bit)
 Heap Region Size: 1M
 Heap Min Capacity: 8M
 Heap Initial Capacity: 126M
 Heap Max Capacity: 2008M
 Pre-touch: Disabled
 Parallel Workers: 8
 Concurrent Workers: 2
 Concurrent Refinement Workers: 8
 Periodic GC: Disabled
Heap:
 garbage-first heap   total 115712K, used 64747K [0x0000000082800000, 0x0000000100000000)
  region size 1024K, 2 young (2048K), 2 survivors (2048K)
 Metaspace       used 35405K, committed 35712K, reserved 1081344K
  class space    used 4612K, committed 4800K, reserved 1048576K
GC Heap History (20 events):
Event: 1.561 GC heap after
{Heap after GC invocations=5 (full 0):
 garbage-first heap   total 45056K, used 12601K [0x0000000082800000, 0x0000000100000000)
  region size 1024K, 5 young (5120K), 5 survivors (5120K)
 Metaspace       used 24694K, committed 24896K, reserved 1073152K
  class space    used 3019K, committed 3136K, reserved 1048576K
}
Event: 1.583 GC heap before
{Heap before GC invocations=5 (full 0):
 garbage-first heap   total 45056K, used 13625K [0x0000000082800000, 0x0000000100000000)
  region size 1024K, 6 young (6144K), 5 survivors (5120K)
 Metaspace       used 24902K, committed 25216K, reserved 1073152K
  class space    used 3046K, committed 3200K, reserved 1048576K
}
Event: 1.589 GC heap after
{Heap after GC invocations=6 (full 0):
 garbage-first heap   total 45056K, used 12908K [0x0000000082800000, 0x0000000100000000)
  region size 1024K, 1 young (1024K), 1 survivors (1024K)
 Metaspace       used 24902K, committed 25216K, reserved 1073152K
  class space    used 3046K, committed 3200K, reserved 1048576K
}
Event: 1.908 GC heap before
{Heap before GC invocations=6 (full 0):
 garbage-first heap   total 45056K, used 29292K [0x0000000082800000, 0x0000000100000000)
  region size 1024K, 18 young (18432K), 1 survivors (1024K)
 Metaspace       used 27547K, committed 27840K, reserved 1073152K
  class space    used 3445K, committed 3584K, reserved 1048576K
}
Event: 1.912 GC heap after
{Heap after GC invocations=7 (full 0):
 garbage-first heap   total 78848K, used 14304K [0x0000000082800000, 0x0000000100000000)
  region size 1024K, 3 young (3072K), 3 survivors (3072K)
 Metaspace       used 27547K, committed 27840K, reserved 1073152K
  class space    used 3445K, committed 3584K, reserved 1048576K
}
Event: 2.387 GC heap before
{Heap before GC invocations=7 (full 0):
 garbage-first heap   total 78848K, used 52192K [0x0000000082800000, 0x0000000100000000)
  region size 1024K, 41 young (41984K), 3 survivors (3072K)
 Metaspace       used 32779K, committed 33088K, reserved 1081344K
  class space    used 4157K, committed 4288K, reserved 1048576K
}
Event: 2.392 GC heap after
{Heap after GC invocations=8 (full 0):
 garbage-first heap   total 78848K, used 19272K [0x0000000082800000, 0x0000000100000000)
  region size 1024K, 6 young (6144K), 6 survivors (6144K)
 Metaspace       used 32779K, committed 33088K, reserved 1081344K
  class space    used 4157K, committed 4288K, reserved 1048576K
}
Event: 2.518 GC heap before
{Heap before GC invocations=8 (full 0):
 garbage-first heap   total 78848K, used 53064K [0x0000000082800000, 0x0000000100000000)
  region size 1024K, 40 young (40960K), 6 survivors (6144K)
 Metaspace       used 33332K, committed 33664K, reserved 1081344K
  class space    used 4237K, committed 4416K, reserved 1048576K
}
Event: 2.525 GC heap after
{Heap after GC invocations=9 (full 0):
 garbage-first heap   total 78848K, used 25925K [0x0000000082800000, 0x0000000100000000)
  region size 1024K, 5 young (5120K), 5 survivors (5120K)
 Metaspace       used 33332K, committed 33664K, reserved 1081344K
  class space    used 4237K, committed 4416K, reserved 1048576K
}
Event: 2.598 GC heap before
{Heap before GC invocations=9 (full 0):
 garbage-first heap   total 78848K, used 54597K [0x0000000082800000, 0x0000000100000000)
  region size 1024K, 33 young (33792K), 5 survivors (5120K)
 Metaspace       used 33692K, committed 34048K, reserved 1081344K
  class space    used 4293K, committed 4480K, reserved 1048576K
}
Event: 2.603 GC heap after
{Heap after GC invocations=10 (full 0):
 garbage-first heap   total 78848K, used 31440K [0x0000000082800000, 0x0000000100000000)
  region size 1024K, 5 young (5120K), 5 survivors (5120K)
 Metaspace       used 33692K, committed 34048K, reserved 1081344K
  class space    used 4293K, committed 4480K, reserved 1048576K
}
Event: 2.671 GC heap before
{Heap before GC invocations=10 (full 0):
 garbage-first heap   total 78848K, used 56016K [0x0000000082800000, 0x0000000100000000)
  region size 1024K, 30 young (30720K), 5 survivors (5120K)
 Metaspace       used 34281K, committed 34624K, reserved 1081344K
  class space    used 4396K, committed 4544K, reserved 1048576K
}
Event: 2.679 GC heap after
{Heap after GC invocations=11 (full 0):
 garbage-first heap   total 104448K, used 38281K [0x0000000082800000, 0x0000000100000000)
  region size 1024K, 4 young (4096K), 4 survivors (4096K)
 Metaspace       used 34281K, committed 34624K, reserved 1081344K
  class space    used 4396K, committed 4544K, reserved 1048576K
}
Event: 2.884 GC heap before
{Heap before GC invocations=11 (full 0):
 garbage-first heap   total 104448K, used 73097K [0x0000000082800000, 0x0000000100000000)
  region size 1024K, 39 young (39936K), 4 survivors (4096K)
 Metaspace       used 34944K, committed 35200K, reserved 1081344K
  class space    used 4542K, committed 4672K, reserved 1048576K
}
Event: 2.891 GC heap after
{Heap after GC invocations=12 (full 0):
 garbage-first heap   total 104448K, used 46036K [0x0000000082800000, 0x0000000100000000)
  region size 1024K, 5 young (5120K), 5 survivors (5120K)
 Metaspace       used 34944K, committed 35200K, reserved 1081344K
  class space    used 4542K, committed 4672K, reserved 1048576K
}
Event: 3.125 GC heap before
{Heap before GC invocations=12 (full 0):
 garbage-first heap   total 104448K, used 77780K [0x0000000082800000, 0x0000000100000000)
  region size 1024K, 35 young (35840K), 5 survivors (5120K)
 Metaspace       used 35396K, committed 35712K, reserved 1081344K
  class space    used 4611K, committed 4800K, reserved 1048576K
}
Event: 3.153 GC heap after
{Heap after GC invocations=13 (full 0):
 garbage-first heap   total 104448K, used 62354K [0x0000000082800000, 0x0000000100000000)
  region size 1024K, 5 young (5120K), 5 survivors (5120K)
 Metaspace       used 35396K, committed 35712K, reserved 1081344K
  class space    used 4611K, committed 4800K, reserved 1048576K
}
Event: 3.164 GC heap before
{Heap before GC invocations=13 (full 0):
 garbage-first heap   total 104448K, used 76690K [0x0000000082800000, 0x0000000100000000)
  region size 1024K, 20 young (20480K), 5 survivors (5120K)
 Metaspace       used 35398K, committed 35712K, reserved 1081344K
  class space    used 4612K, committed 4800K, reserved 1048576K
}
Event: 3.168 GC heap after
{Heap after GC invocations=14 (full 0):
 garbage-first heap   total 104448K, used 64558K [0x0000000082800000, 0x0000000100000000)
  region size 1024K, 2 young (2048K), 2 survivors (2048K)
 Metaspace       used 35398K, committed 35712K, reserved 1081344K
  class space    used 4612K, committed 4800K, reserved 1048576K
}
Event: 3.176 GC heap before
{Heap before GC invocations=14 (full 0):
 garbage-first heap   total 104448K, used 78894K [0x0000000082800000, 0x0000000100000000)
  region size 1024K, 17 young (17408K), 2 survivors (2048K)
 Metaspace       used 35405K, committed 35712K, reserved 1081344K
  class space    used 4612K, committed 4800K, reserved 1048576K
}

