# JRE version: OpenJDK Runtime Environment Temurin-17.0.3+7 (17.0.3+7) (build 17.0.3+7)
# Java VM: OpenJDK 64-Bit Server VM Temurin-17.0.3+7 (17.0.3+7, mixed mode, emulated-client, tiered, compressed oops, compressed class ptrs, g1 gc, windows-amd64)
GC Precious Log:
 CPUs: 8 total, 8 available
 Memory: 8026M
 Large Page Support: Disabled
 NUMA Support: Disabled
 Compressed Oops: Enabled (32-bit)
 Heap Region Size: 1M
 Heap Min Capacity: 8M
 Heap Initial Capacity: 126M
 Heap Max Capacity: 2008M
 Pre-touch: Disabled
 Parallel Workers: 8
 Concurrent Workers: 2
 Concurrent Refinement Workers: 8
 Periodic GC: Disabled
Heap:
 garbage-first heap   total 129024K, used 48950K [0x0000000082800000, 0x0000000100000000)
  region size 1024K, 1 young (1024K), 1 survivors (1024K)
 Metaspace       used 35158K, committed 35456K, reserved 1081344K
  class space    used 4582K, committed 4736K, reserved 1048576K
GC Heap History (20 events):
Event: 2.224 GC heap after
{Heap after GC invocations=7 (full 0):
 garbage-first heap   total 54272K, used 17632K [0x0000000082800000, 0x0000000100000000)
  region size 1024K, 2 young (2048K), 2 survivors (2048K)
 Metaspace       used 29968K, committed 30272K, reserved 1081344K
  class space    used 3773K, committed 3904K, reserved 1048576K
}
Event: 2.463 GC heap before
{Heap before GC invocations=7 (full 0):
 garbage-first heap   total 54272K, used 35040K [0x0000000082800000, 0x0000000100000000)
  region size 1024K, 20 young (20480K), 2 survivors (2048K)
 Metaspace       used 32746K, committed 33088K, reserved 1081344K
  class space    used 4151K, committed 4288K, reserved 1048576K
}
Event: 2.469 GC heap after
{Heap after GC invocations=8 (full 0):
 garbage-first heap   total 54272K, used 20677K [0x0000000082800000, 0x0000000100000000)
  region size 1024K, 3 young (3072K), 3 survivors (3072K)
 Metaspace       used 32746K, committed 33088K, reserved 1081344K
  class space    used 4151K, committed 4288K, reserved 1048576K
}
Event: 2.535 GC heap before
{Heap before GC invocations=8 (full 0):
 garbage-first heap   total 54272K, used 37061K [0x0000000082800000, 0x0000000100000000)
  region size 1024K, 20 young (20480K), 3 survivors (3072K)
 Metaspace       used 32951K, committed 33216K, reserved 1081344K
  class space    used 4176K, committed 4288K, reserved 1048576K
}
Event: 2.540 GC heap after
{Heap after GC invocations=9 (full 0):
 garbage-first heap   total 54272K, used 24111K [0x0000000082800000, 0x0000000100000000)
  region size 1024K, 3 young (3072K), 3 survivors (3072K)
 Metaspace       used 32951K, committed 33216K, reserved 1081344K
  class space    used 4176K, committed 4288K, reserved 1048576K
}
Event: 2.582 GC heap before
{Heap before GC invocations=9 (full 0):
 garbage-first heap   total 54272K, used 37423K [0x0000000082800000, 0x0000000100000000)
  region size 1024K, 17 young (17408K), 3 survivors (3072K)
 Metaspace       used 33050K, committed 33344K, reserved 1081344K
  class space    used 4192K, committed 4288K, reserved 1048576K
}
Event: 2.585 GC heap after
{Heap after GC invocations=10 (full 0):
 garbage-first heap   total 54272K, used 27319K [0x0000000082800000, 0x0000000100000000)
  region size 1024K, 3 young (3072K), 3 survivors (3072K)
 Metaspace       used 33050K, committed 33344K, reserved 1081344K
  class space    used 4192K, committed 4288K, reserved 1048576K
}
Event: 2.636 GC heap before
{Heap before GC invocations=10 (full 0):
 garbage-first heap   total 54272K, used 38583K [0x0000000082800000, 0x0000000100000000)
  region size 1024K, 15 young (15360K), 3 survivors (3072K)
 Metaspace       used 33406K, committed 33728K, reserved 1081344K
  class space    used 4244K, committed 4416K, reserved 1048576K
}
Event: 2.639 GC heap after
{Heap after GC invocations=11 (full 0):
 garbage-first heap   total 79872K, used 29552K [0x0000000082800000, 0x0000000100000000)
  region size 1024K, 2 young (2048K), 2 survivors (2048K)
 Metaspace       used 33406K, committed 33728K, reserved 1081344K
  class space    used 4244K, committed 4416K, reserved 1048576K
}
Event: 2.729 GC heap before
{Heap before GC invocations=12 (full 0):
 garbage-first heap   total 79872K, used 55152K [0x0000000082800000, 0x0000000100000000)
  region size 1024K, 28 young (28672K), 2 survivors (2048K)
 Metaspace       used 33847K, committed 34112K, reserved 1081344K
  class space    used 4324K, committed 4480K, reserved 1048576K
}
Event: 2.734 GC heap after
{Heap after GC invocations=13 (full 0):
 garbage-first heap   total 79872K, used 34171K [0x0000000082800000, 0x0000000100000000)
  region size 1024K, 4 young (4096K), 4 survivors (4096K)
 Metaspace       used 33847K, committed 34112K, reserved 1081344K
  class space    used 4324K, committed 4480K, reserved 1048576K
}
Event: 2.737 GC heap before
{Heap before GC invocations=13 (full 0):
 garbage-first heap   total 79872K, used 35195K [0x0000000082800000, 0x0000000100000000)
  region size 1024K, 5 young (5120K), 4 survivors (4096K)
 Metaspace       used 33890K, committed 34176K, reserved 1081344K
  class space    used 4332K, committed 4480K, reserved 1048576K
}
Event: 2.740 GC heap after
{Heap after GC invocations=14 (full 0):
 garbage-first heap   total 79872K, used 34137K [0x0000000082800000, 0x0000000100000000)
  region size 1024K, 1 young (1024K), 1 survivors (1024K)
 Metaspace       used 33890K, committed 34176K, reserved 1081344K
  class space    used 4332K, committed 4480K, reserved 1048576K
}
Event: 2.789 GC heap before
{Heap before GC invocations=14 (full 0):
 garbage-first heap   total 79872K, used 57689K [0x0000000082800000, 0x0000000100000000)
  region size 1024K, 24 young (24576K), 1 survivors (1024K)
 Metaspace       used 34364K, committed 34688K, reserved 1081344K
  class space    used 4433K, committed 4608K, reserved 1048576K
}
Event: 2.794 GC heap after
{Heap after GC invocations=15 (full 0):
 garbage-first heap   total 79872K, used 39601K [0x0000000082800000, 0x0000000100000000)
  region size 1024K, 3 young (3072K), 3 survivors (3072K)
 Metaspace       used 34364K, committed 34688K, reserved 1081344K
  class space    used 4433K, committed 4608K, reserved 1048576K
}
Event: 2.842 GC heap before
{Heap before GC invocations=15 (full 0):
 garbage-first heap   total 79872K, used 59057K [0x0000000082800000, 0x0000000100000000)
  region size 1024K, 22 young (22528K), 3 survivors (3072K)
 Metaspace       used 34669K, committed 34944K, reserved 1081344K
  class space    used 4503K, committed 4672K, reserved 1048576K
}
Event: 2.847 GC heap after
{Heap after GC invocations=16 (full 0):
 garbage-first heap   total 79872K, used 44264K [0x0000000082800000, 0x0000000100000000)
  region size 1024K, 3 young (3072K), 3 survivors (3072K)
 Metaspace       used 34669K, committed 34944K, reserved 1081344K
  class space    used 4503K, committed 4672K, reserved 1048576K
}
Event: 2.977 GC heap before
{Heap before GC invocations=17 (full 0):
 garbage-first heap   total 97280K, used 59624K [0x0000000082800000, 0x0000000100000000)
  region size 1024K, 19 young (19456K), 3 survivors (3072K)
 Metaspace       used 35030K, committed 35328K, reserved 1081344K
  class space    used 4565K, committed 4736K, reserved 1048576K
}
Event: 2.982 GC heap after
{Heap after GC invocations=18 (full 0):
 garbage-first heap   total 97280K, used 48212K [0x0000000082800000, 0x0000000100000000)
  region size 1024K, 3 young (3072K), 3 survivors (3072K)
 Metaspace       used 35030K, committed 35328K, reserved 1081344K
  class space    used 4565K, committed 4736K, reserved 1048576K
}
Event: 3.002 GC heap before
{Heap before GC invocations=18 (full 0):
 garbage-first heap   total 97280K, used 49236K [0x0000000082800000, 0x0000000100000000)
  region size 1024K, 4 young (4096K), 3 survivors (3072K)
 Metaspace       used 35158K, committed 35456K, reserved 1081344K
  class space    used 4582K, committed 4736K, reserved 1048576K
}

