# JRE version: OpenJDK Runtime Environment Temurin-17.0.3+7 (17.0.3+7) (build 17.0.3+7)
# Java VM: OpenJDK 64-Bit Server VM Temurin-17.0.3+7 (17.0.3+7, mixed mode, emulated-client, tiered, compressed oops, compressed class ptrs, g1 gc, windows-amd64)
GC Precious Log:
 CPUs: 8 total, 8 available
 Memory: 8026M
 Large Page Support: Disabled
 NUMA Support: Disabled
 Compressed Oops: Enabled (32-bit)
 Heap Region Size: 1M
 Heap Min Capacity: 8M
 Heap Initial Capacity: 126M
 Heap Max Capacity: 2008M
 Pre-touch: Disabled
 Parallel Workers: 8
 Concurrent Workers: 2
 Concurrent Refinement Workers: 8
 Periodic GC: Disabled
Heap:
 garbage-first heap   total 78848K, used 23294K [0x0000000082800000, 0x0000000100000000)
  region size 1024K, 1 young (1024K), 0 survivors (0K)
 Metaspace       used 41849K, committed 42304K, reserved 1089536K
  class space    used 5847K, committed 6016K, reserved 1048576K
GC Heap History (20 events):
Event: 64161.697 GC heap before
{Heap before GC invocations=6305 (full 6261):
 garbage-first heap   total 78848K, used 23294K [0x0000000082800000, 0x0000000100000000)
  region size 1024K, 1 young (1024K), 0 survivors (0K)
 Metaspace       used 41849K, committed 42304K, reserved 1089536K
  class space    used 5847K, committed 6016K, reserved 1048576K
}
Event: 64161.722 GC heap after
{Heap after GC invocations=6306 (full 6262):
 garbage-first heap   total 78848K, used 23294K [0x0000000082800000, 0x0000000100000000)
  region size 1024K, 0 young (0K), 0 survivors (0K)
 Metaspace       used 41849K, committed 42304K, reserved 1089536K
  class space    used 5847K, committed 6016K, reserved 1048576K
}
Event: 64171.913 GC heap before
{Heap before GC invocations=6306 (full 6262):
 garbage-first heap   total 78848K, used 23294K [0x0000000082800000, 0x0000000100000000)
  region size 1024K, 1 young (1024K), 0 survivors (0K)
 Metaspace       used 41849K, committed 42304K, reserved 1089536K
  class space    used 5847K, committed 6016K, reserved 1048576K
}
Event: 64171.942 GC heap after
{Heap after GC invocations=6307 (full 6263):
 garbage-first heap   total 78848K, used 23294K [0x0000000082800000, 0x0000000100000000)
  region size 1024K, 0 young (0K), 0 survivors (0K)
 Metaspace       used 41849K, committed 42304K, reserved 1089536K
  class space    used 5847K, committed 6016K, reserved 1048576K
}
Event: 64182.129 GC heap before
{Heap before GC invocations=6307 (full 6263):
 garbage-first heap   total 78848K, used 23294K [0x0000000082800000, 0x0000000100000000)
  region size 1024K, 1 young (1024K), 0 survivors (0K)
 Metaspace       used 41849K, committed 42304K, reserved 1089536K
  class space    used 5847K, committed 6016K, reserved 1048576K
}
Event: 64182.160 GC heap after
{Heap after GC invocations=6308 (full 6264):
 garbage-first heap   total 78848K, used 23294K [0x0000000082800000, 0x0000000100000000)
  region size 1024K, 0 young (0K), 0 survivors (0K)
 Metaspace       used 41849K, committed 42304K, reserved 1089536K
  class space    used 5847K, committed 6016K, reserved 1048576K
}
Event: 64192.359 GC heap before
{Heap before GC invocations=6308 (full 6264):
 garbage-first heap   total 78848K, used 23294K [0x0000000082800000, 0x0000000100000000)
  region size 1024K, 1 young (1024K), 0 survivors (0K)
 Metaspace       used 41849K, committed 42304K, reserved 1089536K
  class space    used 5847K, committed 6016K, reserved 1048576K
}
Event: 64192.384 GC heap after
{Heap after GC invocations=6309 (full 6265):
 garbage-first heap   total 78848K, used 23294K [0x0000000082800000, 0x0000000100000000)
  region size 1024K, 0 young (0K), 0 survivors (0K)
 Metaspace       used 41849K, committed 42304K, reserved 1089536K
  class space    used 5847K, committed 6016K, reserved 1048576K
}
Event: 64202.613 GC heap before
{Heap before GC invocations=6309 (full 6265):
 garbage-first heap   total 78848K, used 23294K [0x0000000082800000, 0x0000000100000000)
  region size 1024K, 1 young (1024K), 0 survivors (0K)
 Metaspace       used 41849K, committed 42304K, reserved 1089536K
  class space    used 5847K, committed 6016K, reserved 1048576K
}
Event: 64202.647 GC heap after
{Heap after GC invocations=6310 (full 6266):
 garbage-first heap   total 78848K, used 23294K [0x0000000082800000, 0x0000000100000000)
  region size 1024K, 0 young (0K), 0 survivors (0K)
 Metaspace       used 41849K, committed 42304K, reserved 1089536K
  class space    used 5847K, committed 6016K, reserved 1048576K
}
Event: 64212.847 GC heap before
{Heap before GC invocations=6310 (full 6266):
 garbage-first heap   total 78848K, used 23294K [0x0000000082800000, 0x0000000100000000)
  region size 1024K, 1 young (1024K), 0 survivors (0K)
 Metaspace       used 41849K, committed 42304K, reserved 1089536K
  class space    used 5847K, committed 6016K, reserved 1048576K
}
Event: 64212.879 GC heap after
{Heap after GC invocations=6311 (full 6267):
 garbage-first heap   total 78848K, used 23294K [0x0000000082800000, 0x0000000100000000)
  region size 1024K, 0 young (0K), 0 survivors (0K)
 Metaspace       used 41849K, committed 42304K, reserved 1089536K
  class space    used 5847K, committed 6016K, reserved 1048576K
}
Event: 64223.084 GC heap before
{Heap before GC invocations=6311 (full 6267):
 garbage-first heap   total 78848K, used 23294K [0x0000000082800000, 0x0000000100000000)
  region size 1024K, 1 young (1024K), 0 survivors (0K)
 Metaspace       used 41849K, committed 42304K, reserved 1089536K
  class space    used 5847K, committed 6016K, reserved 1048576K
}
Event: 64223.112 GC heap after
{Heap after GC invocations=6312 (full 6268):
 garbage-first heap   total 78848K, used 23294K [0x0000000082800000, 0x0000000100000000)
  region size 1024K, 0 young (0K), 0 survivors (0K)
 Metaspace       used 41849K, committed 42304K, reserved 1089536K
  class space    used 5847K, committed 6016K, reserved 1048576K
}
Event: 64233.310 GC heap before
{Heap before GC invocations=6312 (full 6268):
 garbage-first heap   total 78848K, used 23294K [0x0000000082800000, 0x0000000100000000)
  region size 1024K, 1 young (1024K), 0 survivors (0K)
 Metaspace       used 41849K, committed 42304K, reserved 1089536K
  class space    used 5847K, committed 6016K, reserved 1048576K
}
Event: 64233.340 GC heap after
{Heap after GC invocations=6313 (full 6269):
 garbage-first heap   total 78848K, used 23294K [0x0000000082800000, 0x0000000100000000)
  region size 1024K, 0 young (0K), 0 survivors (0K)
 Metaspace       used 41849K, committed 42304K, reserved 1089536K
  class space    used 5847K, committed 6016K, reserved 1048576K
}
Event: 64243.530 GC heap before
{Heap before GC invocations=6313 (full 6269):
 garbage-first heap   total 78848K, used 23294K [0x0000000082800000, 0x0000000100000000)
  region size 1024K, 1 young (1024K), 0 survivors (0K)
 Metaspace       used 41849K, committed 42304K, reserved 1089536K
  class space    used 5847K, committed 6016K, reserved 1048576K
}
Event: 64243.557 GC heap after
{Heap after GC invocations=6314 (full 6270):
 garbage-first heap   total 78848K, used 23294K [0x0000000082800000, 0x0000000100000000)
  region size 1024K, 0 young (0K), 0 survivors (0K)
 Metaspace       used 41849K, committed 42304K, reserved 1089536K
  class space    used 5847K, committed 6016K, reserved 1048576K
}
Event: 64253.747 GC heap before
{Heap before GC invocations=6314 (full 6270):
 garbage-first heap   total 78848K, used 23294K [0x0000000082800000, 0x0000000100000000)
  region size 1024K, 1 young (1024K), 0 survivors (0K)
 Metaspace       used 41849K, committed 42304K, reserved 1089536K
  class space    used 5847K, committed 6016K, reserved 1048576K
}
Event: 64253.777 GC heap after
{Heap after GC invocations=6315 (full 6271):
 garbage-first heap   total 78848K, used 23294K [0x0000000082800000, 0x0000000100000000)
  region size 1024K, 0 young (0K), 0 survivors (0K)
 Metaspace       used 41849K, committed 42304K, reserved 1089536K
  class space    used 5847K, committed 6016K, reserved 1048576K
}

