# JRE version: OpenJDK Runtime Environment Temurin-17.0.3+7 (17.0.3+7) (build 17.0.3+7)
# Java VM: OpenJDK 64-Bit Server VM Temurin-17.0.3+7 (17.0.3+7, mixed mode, emulated-client, tiered, compressed oops, compressed class ptrs, g1 gc, windows-amd64)
GC Precious Log:
 CPUs: 8 total, 8 available
 Memory: 8026M
 Large Page Support: Disabled
 NUMA Support: Disabled
 Compressed Oops: Enabled (32-bit)
 Heap Region Size: 1M
 Heap Min Capacity: 8M
 Heap Initial Capacity: 126M
 Heap Max Capacity: 2008M
 Pre-touch: Disabled
 Parallel Workers: 8
 Concurrent Workers: 2
 Concurrent Refinement Workers: 8
 Periodic GC: Disabled
Heap:
 garbage-first heap   total 114688K, used 49474K [0x0000000082800000, 0x0000000100000000)
  region size 1024K, 2 young (2048K), 2 survivors (2048K)
 Metaspace       used 35244K, committed 35520K, reserved 1081344K
  class space    used 4603K, committed 4736K, reserved 1048576K
GC Heap History (20 events):
Event: 2.361 GC heap after
{Heap after GC invocations=7 (full 0):
 garbage-first heap   total 54272K, used 15978K [0x0000000082800000, 0x0000000100000000)
  region size 1024K, 2 young (2048K), 2 survivors (2048K)
 Metaspace       used 30831K, committed 31168K, reserved 1081344K
  class space    used 3873K, committed 4032K, reserved 1048576K
}
Event: 2.566 GC heap before
{Heap before GC invocations=7 (full 0):
 garbage-first heap   total 54272K, used 36458K [0x0000000082800000, 0x0000000100000000)
  region size 1024K, 23 young (23552K), 2 survivors (2048K)
 Metaspace       used 32770K, committed 33088K, reserved 1081344K
  class space    used 4156K, committed 4288K, reserved 1048576K
}
Event: 2.571 GC heap after
{Heap after GC invocations=8 (full 0):
 garbage-first heap   total 54272K, used 19512K [0x0000000082800000, 0x0000000100000000)
  region size 1024K, 3 young (3072K), 3 survivors (3072K)
 Metaspace       used 32770K, committed 33088K, reserved 1081344K
  class space    used 4156K, committed 4288K, reserved 1048576K
}
Event: 2.632 GC heap before
{Heap before GC invocations=8 (full 0):
 garbage-first heap   total 54272K, used 36920K [0x0000000082800000, 0x0000000100000000)
  region size 1024K, 21 young (21504K), 3 survivors (3072K)
 Metaspace       used 32957K, committed 33216K, reserved 1081344K
  class space    used 4178K, committed 4288K, reserved 1048576K
}
Event: 2.636 GC heap after
{Heap after GC invocations=9 (full 0):
 garbage-first heap   total 54272K, used 23813K [0x0000000082800000, 0x0000000100000000)
  region size 1024K, 3 young (3072K), 3 survivors (3072K)
 Metaspace       used 32957K, committed 33216K, reserved 1081344K
  class space    used 4178K, committed 4288K, reserved 1048576K
}
Event: 2.701 GC heap before
{Heap before GC invocations=9 (full 0):
 garbage-first heap   total 54272K, used 37125K [0x0000000082800000, 0x0000000100000000)
  region size 1024K, 17 young (17408K), 3 survivors (3072K)
 Metaspace       used 33287K, committed 33600K, reserved 1081344K
  class space    used 4229K, committed 4416K, reserved 1048576K
}
Event: 2.705 GC heap after
{Heap after GC invocations=10 (full 0):
 garbage-first heap   total 54272K, used 26827K [0x0000000082800000, 0x0000000100000000)
  region size 1024K, 3 young (3072K), 3 survivors (3072K)
 Metaspace       used 33287K, committed 33600K, reserved 1081344K
  class space    used 4229K, committed 4416K, reserved 1048576K
}
Event: 2.746 GC heap before
{Heap before GC invocations=10 (full 0):
 garbage-first heap   total 54272K, used 39115K [0x0000000082800000, 0x0000000100000000)
  region size 1024K, 15 young (15360K), 3 survivors (3072K)
 Metaspace       used 33530K, committed 33856K, reserved 1081344K
  class space    used 4266K, committed 4416K, reserved 1048576K
}
Event: 2.749 GC heap after
{Heap after GC invocations=11 (full 0):
 garbage-first heap   total 77824K, used 28939K [0x0000000082800000, 0x0000000100000000)
  region size 1024K, 2 young (2048K), 2 survivors (2048K)
 Metaspace       used 33530K, committed 33856K, reserved 1081344K
  class space    used 4266K, committed 4416K, reserved 1048576K
}
Event: 2.836 GC heap before
{Heap before GC invocations=12 (full 0):
 garbage-first heap   total 77824K, used 54539K [0x0000000082800000, 0x0000000100000000)
  region size 1024K, 27 young (27648K), 2 survivors (2048K)
 Metaspace       used 34203K, committed 34496K, reserved 1081344K
  class space    used 4391K, committed 4544K, reserved 1048576K
}
Event: 2.841 GC heap after
{Heap after GC invocations=13 (full 0):
 garbage-first heap   total 77824K, used 33183K [0x0000000082800000, 0x0000000100000000)
  region size 1024K, 4 young (4096K), 4 survivors (4096K)
 Metaspace       used 34203K, committed 34496K, reserved 1081344K
  class space    used 4391K, committed 4544K, reserved 1048576K
}
Event: 2.888 GC heap before
{Heap before GC invocations=13 (full 0):
 garbage-first heap   total 77824K, used 56735K [0x0000000082800000, 0x0000000100000000)
  region size 1024K, 27 young (27648K), 4 survivors (4096K)
 Metaspace       used 34441K, committed 34752K, reserved 1081344K
  class space    used 4455K, committed 4608K, reserved 1048576K
}
Event: 2.895 GC heap after
{Heap after GC invocations=14 (full 0):
 garbage-first heap   total 77824K, used 39438K [0x0000000082800000, 0x0000000100000000)
  region size 1024K, 4 young (4096K), 4 survivors (4096K)
 Metaspace       used 34441K, committed 34752K, reserved 1081344K
  class space    used 4455K, committed 4608K, reserved 1048576K
}
Event: 2.937 GC heap before
{Heap before GC invocations=14 (full 0):
 garbage-first heap   total 77824K, used 55822K [0x0000000082800000, 0x0000000100000000)
  region size 1024K, 21 young (21504K), 4 survivors (4096K)
 Metaspace       used 34717K, committed 35008K, reserved 1081344K
  class space    used 4511K, committed 4672K, reserved 1048576K
}
Event: 2.944 GC heap after
{Heap after GC invocations=15 (full 0):
 garbage-first heap   total 77824K, used 43556K [0x0000000082800000, 0x0000000100000000)
  region size 1024K, 3 young (3072K), 3 survivors (3072K)
 Metaspace       used 34717K, committed 35008K, reserved 1081344K
  class space    used 4511K, committed 4672K, reserved 1048576K
}
Event: 3.116 GC heap before
{Heap before GC invocations=16 (full 0):
 garbage-first heap   total 94208K, used 58916K [0x0000000082800000, 0x0000000100000000)
  region size 1024K, 18 young (18432K), 3 survivors (3072K)
 Metaspace       used 35244K, committed 35520K, reserved 1081344K
  class space    used 4603K, committed 4736K, reserved 1048576K
}
Event: 3.120 GC heap after
{Heap after GC invocations=17 (full 0):
 garbage-first heap   total 94208K, used 47104K [0x0000000082800000, 0x0000000100000000)
  region size 1024K, 3 young (3072K), 3 survivors (3072K)
 Metaspace       used 35244K, committed 35520K, reserved 1081344K
  class space    used 4603K, committed 4736K, reserved 1048576K
}
Event: 3.158 GC heap before
{Heap before GC invocations=17 (full 0):
 garbage-first heap   total 94208K, used 48128K [0x0000000082800000, 0x0000000100000000)
  region size 1024K, 4 young (4096K), 3 survivors (3072K)
 Metaspace       used 35244K, committed 35520K, reserved 1081344K
  class space    used 4603K, committed 4736K, reserved 1048576K
}
Event: 3.160 GC heap after
{Heap after GC invocations=18 (full 0):
 garbage-first heap   total 94208K, used 47800K [0x0000000082800000, 0x0000000100000000)
  region size 1024K, 1 young (1024K), 1 survivors (1024K)
 Metaspace       used 35244K, committed 35520K, reserved 1081344K
  class space    used 4603K, committed 4736K, reserved 1048576K
}
Event: 3.247 GC heap before
{Heap before GC invocations=18 (full 0):
 garbage-first heap   total 94208K, used 52920K [0x0000000082800000, 0x0000000100000000)
  region size 1024K, 7 young (7168K), 1 survivors (1024K)
 Metaspace       used 35244K, committed 35520K, reserved 1081344K
  class space    used 4603K, committed 4736K, reserved 1048576K
}

